#
# A fatal error has been detected by the Java Runtime Environment:
#
#  EXCEPTION_ACCESS_VIOLATION (0xc0000005) at pc=0x000000005d9fce67, pid=12368, tid=0x00000000000035f0
#
# JRE version: OpenJDK Runtime Environment (8.0_202-b03) (build 1.8.0_202-release-1483-b03)
# Java VM: OpenJDK 64-Bit Server VM (25.202-b03 mixed mode windows-amd64 compressed oops)
# Problematic frame:
# V  [jvm.dll+0x41ce67]
#
# Failed to write core dump. Minidumps are not enabled by default on client versions of Windows
#
# If you would like to submit a bug report, please visit:
#   http://bugreport.java.com/bugreport/crash.jsp
#

---------------  T H R E A D  ---------------

Current thread (0x0000000018a8c800):  JavaThread "C1 CompilerThread3" daemon [_thread_in_native, id=13808, stack(0x00000000194c0000,0x00000000195c0000)]

siginfo: ExceptionCode=0xc0000005, reading address 0x0000000000000000

Registers:
RAX=0x00000000195bee08, RBX=0x0000000000000000, RCX=0x0000000019d9efb0, RDX=0x00000000195bf010
RSP=0x00000000195bed70, RBP=0x0000000000000001, RSI=0x00000000195bf010, RDI=0x0000000000000000
R8 =0x000000005dc041b0, R9 =0x0000000000000009, R10=0x0000000000000005, R11=0x000000005dc03be8
R12=0x0000000019d9efb0, R13=0x00000000195bf010, R14=0x0000000000000011, R15=0x0000000000000011
RIP=0x000000005d9fce67, EFLAGS=0x0000000000010202

Top of Stack: (sp=0x00000000195bed70)
0x00000000195bed70:   0000000019d9e5c8 ffffffffffffffff
0x00000000195bed80:   0000000000000000 00000000195bedf0
0x00000000195bed90:   0000000000000001 0000000000000000
0x00000000195beda0:   0000000019d9f010 00000000208f8370
0x00000000195bedb0:   0000000000000002 0000000019d9e5c0
0x00000000195bedc0:   0000000000000002 000000001e98d0e0
0x00000000195bedd0:   0000000000000000 0000000019d9e590
0x00000000195bede0:   0000000000000000 000000001e98d110
0x00000000195bedf0:   0000000019d9e620 000000001efce2f0
0x00000000195bee00:   000000001a2da670 000000005d9cf622
0x00000000195bee10:   0000000019d9f010 00000000195bf000
0x00000000195bee20:   00000000195bf010 000000001efce2f0
0x00000000195bee30:   0000000019d9e4b0 000000005d9d1641
0x00000000195bee40:   0000000019d9e620 00000000195bf010
0x00000000195bee50:   000000001efcf940 000000001efce2f0
0x00000000195bee60:   00000000195bf000 000000005d9d033e 

Instructions: (pc=0x000000005d9fce67)
0x000000005d9fce47:   41 0f 10 4c 24 28 33 ff 0f 29 44 24 20 8b 6c 24
0x000000005d9fce57:   20 f2 0f 11 4c 24 30 85 ed 7e 3e 48 8b 5c 24 28
0x000000005d9fce67:   48 8b 33 48 85 f6 74 27 48 8b 46 18 83 78 0c 08
0x000000005d9fce77:   74 1d 49 8b 45 00 48 8b d3 49 8b cd ff 10 4c 8b 


Register to memory mapping:

RAX=0x00000000195bee08 is pointing into the stack for thread: 0x0000000018a8c800
RBX=0x0000000000000000 is an unknown value
RCX=0x0000000019d9efb0 is an unknown value
RDX=0x00000000195bf010 is pointing into the stack for thread: 0x0000000018a8c800
RSP=0x00000000195bed70 is pointing into the stack for thread: 0x0000000018a8c800
RBP=0x0000000000000001 is an unknown value
RSI=0x00000000195bf010 is pointing into the stack for thread: 0x0000000018a8c800
RDI=0x0000000000000000 is an unknown value
R8 =0x000000005dc041b0 is an unknown value
R9 =0x0000000000000009 is an unknown value
R10=0x0000000000000005 is an unknown value
R11=0x000000005dc03be8 is an unknown value
R12=0x0000000019d9efb0 is an unknown value
R13=0x00000000195bf010 is pointing into the stack for thread: 0x0000000018a8c800
R14=0x0000000000000011 is an unknown value
R15=0x0000000000000011 is an unknown value


Stack: [0x00000000194c0000,0x00000000195c0000],  sp=0x00000000195bed70,  free space=1019k
Native frames: (J=compiled Java code, j=interpreted, Vv=VM code, C=native code)
V  [jvm.dll+0x41ce67]
V  [jvm.dll+0x3ef622]
V  [jvm.dll+0x3f1641]
V  [jvm.dll+0x3f033e]
V  [jvm.dll+0x3f03a9]
V  [jvm.dll+0x3f03a9]
V  [jvm.dll+0x3f03a9]
V  [jvm.dll+0x3f03a9]
V  [jvm.dll+0x3f03a9]
V  [jvm.dll+0x3f0b33]
V  [jvm.dll+0x41ca52]
V  [jvm.dll+0x3dca39]
V  [jvm.dll+0x3dcbc1]
V  [jvm.dll+0x3dcd82]
V  [jvm.dll+0x3dcf51]
V  [jvm.dll+0x3dd15f]
V  [jvm.dll+0x8215f]
V  [jvm.dll+0x82abf]
V  [jvm.dll+0x21db7f]
V  [jvm.dll+0x26f5ba]
C  [msvcr100.dll+0x21d9f]
C  [msvcr100.dll+0x21e3b]
C  [KERNEL32.DLL+0x17c24]
C  [ntdll.dll+0x6d721]


Current CompileTask:
C1:  11422 3228       3       java.util.jar.JarFile::isKnownNotToHaveSpecialAttributes (358 bytes)


---------------  P R O C E S S  ---------------

Java Threads: ( => current thread )
  0x0000000021af3800 JavaThread "Build operations Thread 8" [_thread_blocked, id=16204, stack(0x00000000249d0000,0x0000000024ad0000)]
  0x0000000021af4800 JavaThread "Build operations Thread 7" [_thread_blocked, id=16272, stack(0x00000000248d0000,0x00000000249d0000)]
  0x0000000021aed000 JavaThread "Build operations Thread 6" [_thread_blocked, id=16188, stack(0x00000000247d0000,0x00000000248d0000)]
  0x0000000021af2000 JavaThread "Build operations Thread 5" [_thread_blocked, id=16248, stack(0x00000000246d0000,0x00000000247d0000)]
  0x0000000021aed800 JavaThread "Build operations Thread 4" [_thread_blocked, id=4712, stack(0x00000000245d0000,0x00000000246d0000)]
  0x0000000021af0800 JavaThread "Build operations Thread 3" [_thread_blocked, id=14292, stack(0x00000000244d0000,0x00000000245d0000)]
  0x0000000021af0000 JavaThread "Build operations Thread 2" [_thread_blocked, id=13020, stack(0x00000000243d0000,0x00000000244d0000)]
  0x0000000021aee800 JavaThread "Build operations" [_thread_blocked, id=15480, stack(0x0000000024140000,0x0000000024240000)]
  0x0000000021af1800 JavaThread "Cache worker for execution history cache (C:\Users\sixshot\.gradle\caches\5.4.1\executionHistory)" [_thread_blocked, id=16252, stack(0x0000000022b40000,0x0000000022c40000)]
  0x0000000021aef000 JavaThread "Cache worker for cache directory md-rule (C:\Users\sixshot\.gradle\caches\5.4.1\md-rule)" [_thread_blocked, id=16244, stack(0x0000000022a40000,0x0000000022b40000)]
  0x0000000019942000 JavaThread "Cache worker for cache directory md-supplier (C:\Users\sixshot\.gradle\caches\5.4.1\md-supplier)" [_thread_blocked, id=6668, stack(0x000000001e9a0000,0x000000001eaa0000)]
  0x000000001993f800 JavaThread "Cache worker for file hash cache (F:\sdk\project\.gradle\5.4.1\fileHashes)" [_thread_blocked, id=5660, stack(0x0000000020ee0000,0x0000000020fe0000)]
  0x000000001993d800 JavaThread "Cache worker for journal cache (C:\Users\sixshot\.gradle\caches\journal-1)" [_thread_blocked, id=15760, stack(0x000000001d6d0000,0x000000001d7d0000)]
  0x000000001993e000 JavaThread "File lock request listener" [_thread_in_native, id=15400, stack(0x000000001d5d0000,0x000000001d6d0000)]
  0x000000001993f000 JavaThread "Cache worker for file hash cache (C:\Users\sixshot\.gradle\caches\5.4.1\fileHashes)" [_thread_blocked, id=14716, stack(0x000000001d4d0000,0x000000001d5d0000)]
  0x0000000019f6a800 JavaThread "Thread-9" [_thread_blocked, id=16208, stack(0x000000001d3d0000,0x000000001d4d0000)]
  0x000000001a8b0800 JavaThread "Stdin handler" [_thread_blocked, id=16196, stack(0x000000001d2d0000,0x000000001d3d0000)]
  0x000000001a8af000 JavaThread "Asynchronous log dispatcher for DefaultDaemonConnection: socket connection from /127.0.0.1:54380 to /127.0.0.1:54381" [_thread_blocked, id=16236, stack(0x000000001d0d0000,0x000000001d1d0000)]
  0x0000000019d92800 JavaThread "Daemon worker" [_thread_in_vm, id=14676, stack(0x000000001cfd0000,0x000000001d0d0000)]
  0x0000000019f80800 JavaThread "Cancel handler" [_thread_blocked, id=15224, stack(0x000000001ced0000,0x000000001cfd0000)]
  0x000000001a31a800 JavaThread "Handler for socket connection from /127.0.0.1:54380 to /127.0.0.1:54381" [_thread_in_native, id=924, stack(0x000000001cbd0000,0x000000001ccd0000)]
  0x0000000019ebb000 JavaThread "Daemon" [_thread_blocked, id=16316, stack(0x000000001cad0000,0x000000001cbd0000)]
  0x000000001a341000 JavaThread "Daemon periodic checks" [_thread_blocked, id=15876, stack(0x000000001c9d0000,0x000000001cad0000)]
  0x0000000018ac3000 JavaThread "Incoming local TCP Connector on port 54380" [_thread_in_native, id=15640, stack(0x000000001c820000,0x000000001c920000)]
  0x000000001ad36800 JavaThread "Daemon health stats" [_thread_blocked, id=12040, stack(0x000000001c520000,0x000000001c620000)]
  0x0000000018ae9800 JavaThread "Service Thread" daemon [_thread_blocked, id=1376, stack(0x00000000195c0000,0x00000000196c0000)]
=>0x0000000018a8c800 JavaThread "C1 CompilerThread3" daemon [_thread_in_native, id=13808, stack(0x00000000194c0000,0x00000000195c0000)]
  0x0000000018a61000 JavaThread "C2 CompilerThread2" daemon [_thread_blocked, id=1952, stack(0x00000000193c0000,0x00000000194c0000)]
  0x0000000018a58000 JavaThread "C2 CompilerThread1" daemon [_thread_blocked, id=10820, stack(0x00000000192c0000,0x00000000193c0000)]
  0x0000000018a52000 JavaThread "C2 CompilerThread0" daemon [_thread_blocked, id=13036, stack(0x00000000191c0000,0x00000000192c0000)]
  0x00000000189ff800 JavaThread "Attach Listener" daemon [_thread_blocked, id=11292, stack(0x00000000190c0000,0x00000000191c0000)]
  0x00000000189e6800 JavaThread "Signal Dispatcher" daemon [_thread_blocked, id=14072, stack(0x0000000018fc0000,0x00000000190c0000)]
  0x00000000189e0800 JavaThread "Finalizer" daemon [_thread_blocked, id=7404, stack(0x0000000018ec0000,0x0000000018fc0000)]
  0x0000000002df5800 JavaThread "Reference Handler" daemon [_thread_blocked, id=2828, stack(0x0000000018dc0000,0x0000000018ec0000)]
  0x0000000000fad800 JavaThread "main" [_thread_blocked, id=10444, stack(0x00000000027e0000,0x00000000028e0000)]

Other Threads:
  0x0000000016bb8000 VMThread [stack: 0x00000000188c0000,0x00000000189c0000] [id=9440]
  0x0000000018aea800 WatcherThread [stack: 0x00000000196c0000,0x00000000197c0000] [id=8364]

VM state:not at safepoint (normal execution)

VM Mutex/Monitor currently owned by a thread: None

heap address: 0x00000000a0000000, size: 1536 MB, Compressed Oops mode: 32-bit
Narrow klass base: 0x0000000000000000, Narrow klass shift: 3
Compressed class space size: 1073741824 Address: 0x0000000100000000

Heap:
 PSYoungGen      total 94720K, used 81797K [0x00000000e0000000, 0x00000000e6800000, 0x0000000100000000)
  eden space 82432K, 90% used [0x00000000e0000000,0x00000000e4927530,0x00000000e5080000)
  from space 12288K, 56% used [0x00000000e5c00000,0x00000000e62ba0f0,0x00000000e6800000)
  to   space 11776K, 0% used [0x00000000e5080000,0x00000000e5080000,0x00000000e5c00000)
 ParOldGen       total 78336K, used 9744K [0x00000000a0000000, 0x00000000a4c80000, 0x00000000e0000000)
  object space 78336K, 12% used [0x00000000a0000000,0x00000000a0984038,0x00000000a4c80000)
 Metaspace       used 34177K, capacity 34798K, committed 35072K, reserved 1079296K
  class space    used 4679K, capacity 4864K, committed 4864K, reserved 1048576K

Card table byte_map: [0x00000000121c0000,0x00000000124d0000] byte_map_base: 0x0000000011cc0000

Marking Bits: (ParMarkBitMap*) 0x000000005dda9f30
 Begin Bits: [0x0000000012ed0000, 0x00000000146d0000)
 End Bits:   [0x00000000146d0000, 0x0000000015ed0000)

Polling page: 0x0000000000f70000

CodeCache: size=245760Kb used=10814Kb max_used=10826Kb free=234945Kb
 bounds [0x0000000002e00000, 0x00000000038a0000, 0x0000000011e00000]
 total_blobs=3756 nmethods=3058 adapters=610
 compilation: enabled

Compilation events (10 events):
Event: 11.341 Thread 0x0000000018a8c800 nmethod 3225 0x0000000003894f90 code [0x0000000003895100, 0x0000000003895308]
Event: 11.341 Thread 0x0000000018a8c800 3226  s    3       sun.misc.URLClassPath::validateLookupCache (80 bytes)
Event: 11.341 Thread 0x0000000018a8c800 nmethod 3226 0x00000000038953d0 code [0x0000000003895560, 0x0000000003895b18]
Event: 11.342 Thread 0x0000000018a8c800 3227   !   3       sun.misc.URLClassPath$JarLoader::checkJar (51 bytes)
Event: 11.342 Thread 0x0000000018a8c800 nmethod 3227 0x0000000003895cd0 code [0x0000000003895e80, 0x0000000003896448]
Event: 11.349 Thread 0x0000000018a8c800 3228       3       java.util.jar.JarFile::isKnownNotToHaveSpecialAttributes (358 bytes)
Event: 11.363 Thread 0x0000000018a58000 3231       4       java.util.jar.JarFile::getEntry (22 bytes)
Event: 11.365 Thread 0x0000000018a61000 3232       4       java.util.jar.JarFile::match (116 bytes)
Event: 11.365 Thread 0x0000000018a58000 nmethod 3231 0x0000000003899410 code [0x0000000003899560, 0x0000000003899708]
Event: 11.367 Thread 0x0000000018a61000 nmethod 3232 0x0000000003897950 code [0x0000000003897aa0, 0x0000000003897cd8]

GC Heap History (10 events):
Event: 7.351 GC heap before
{Heap before GC invocations=3 (full 0):
 PSYoungGen      total 56320K, used 56303K [0x00000000e0000000, 0x00000000e3e80000, 0x0000000100000000)
  eden space 48640K, 100% used [0x00000000e0000000,0x00000000e2f80000,0x00000000e2f80000)
  from space 7680K, 99% used [0x00000000e3700000,0x00000000e3e7bef8,0x00000000e3e80000)
  to   space 7680K, 0% used [0x00000000e2f80000,0x00000000e2f80000,0x00000000e3700000)
 ParOldGen       total 128512K, used 36K [0x00000000a0000000, 0x00000000a7d80000, 0x00000000e0000000)
  object space 128512K, 0% used [0x00000000a0000000,0x00000000a00091b8,0x00000000a7d80000)
 Metaspace       used 17030K, capacity 17456K, committed 17792K, reserved 1064960K
  class space    used 2454K, capacity 2578K, committed 2688K, reserved 1048576K
Event: 7.363 GC heap after
Heap after GC invocations=3 (full 0):
 PSYoungGen      total 56320K, used 7660K [0x00000000e0000000, 0x00000000e3e80000, 0x0000000100000000)
  eden space 48640K, 0% used [0x00000000e0000000,0x00000000e0000000,0x00000000e2f80000)
  from space 7680K, 99% used [0x00000000e2f80000,0x00000000e36fb390,0x00000000e3700000)
  to   space 7680K, 0% used [0x00000000e3700000,0x00000000e3700000,0x00000000e3e80000)
 ParOldGen       total 128512K, used 2374K [0x00000000a0000000, 0x00000000a7d80000, 0x00000000e0000000)
  object space 128512K, 1% used [0x00000000a0000000,0x00000000a0251828,0x00000000a7d80000)
 Metaspace       used 17030K, capacity 17456K, committed 17792K, reserved 1064960K
  class space    used 2454K, capacity 2578K, committed 2688K, reserved 1048576K
}
Event: 7.933 GC heap before
{Heap before GC invocations=4 (full 0):
 PSYoungGen      total 56320K, used 39294K [0x00000000e0000000, 0x00000000e3e80000, 0x0000000100000000)
  eden space 48640K, 65% used [0x00000000e0000000,0x00000000e1ee4810,0x00000000e2f80000)
  from space 7680K, 99% used [0x00000000e2f80000,0x00000000e36fb390,0x00000000e3700000)
  to   space 7680K, 0% used [0x00000000e3700000,0x00000000e3700000,0x00000000e3e80000)
 ParOldGen       total 128512K, used 2374K [0x00000000a0000000, 0x00000000a7d80000, 0x00000000e0000000)
  object space 128512K, 1% used [0x00000000a0000000,0x00000000a0251828,0x00000000a7d80000)
 Metaspace       used 20705K, capacity 21116K, committed 21248K, reserved 1067008K
  class space    used 2916K, capacity 3066K, committed 3072K, reserved 1048576K
Event: 7.944 GC heap after
Heap after GC invocations=4 (full 0):
 PSYoungGen      total 56320K, used 7658K [0x00000000e0000000, 0x00000000e3e80000, 0x0000000100000000)
  eden space 48640K, 0% used [0x00000000e0000000,0x00000000e0000000,0x00000000e2f80000)
  from space 7680K, 99% used [0x00000000e3700000,0x00000000e3e7ab38,0x00000000e3e80000)
  to   space 7680K, 0% used [0x00000000e2f80000,0x00000000e2f80000,0x00000000e3700000)
 ParOldGen       total 128512K, used 4777K [0x00000000a0000000, 0x00000000a7d80000, 0x00000000e0000000)
  object space 128512K, 3% used [0x00000000a0000000,0x00000000a04aa4b0,0x00000000a7d80000)
 Metaspace       used 20705K, capacity 21116K, committed 21248K, reserved 1067008K
  class space    used 2916K, capacity 3066K, committed 3072K, reserved 1048576K
}
Event: 7.944 GC heap before
{Heap before GC invocations=5 (full 1):
 PSYoungGen      total 56320K, used 7658K [0x00000000e0000000, 0x00000000e3e80000, 0x0000000100000000)
  eden space 48640K, 0% used [0x00000000e0000000,0x00000000e0000000,0x00000000e2f80000)
  from space 7680K, 99% used [0x00000000e3700000,0x00000000e3e7ab38,0x00000000e3e80000)
  to   space 7680K, 0% used [0x00000000e2f80000,0x00000000e2f80000,0x00000000e3700000)
 ParOldGen       total 128512K, used 4777K [0x00000000a0000000, 0x00000000a7d80000, 0x00000000e0000000)
  object space 128512K, 3% used [0x00000000a0000000,0x00000000a04aa4b0,0x00000000a7d80000)
 Metaspace       used 20705K, capacity 21116K, committed 21248K, reserved 1067008K
  class space    used 2916K, capacity 3066K, committed 3072K, reserved 1048576K
Event: 7.982 GC heap after
Heap after GC invocations=5 (full 1):
 PSYoungGen      total 56320K, used 0K [0x00000000e0000000, 0x00000000e3e80000, 0x0000000100000000)
  eden space 48640K, 0% used [0x00000000e0000000,0x00000000e0000000,0x00000000e2f80000)
  from space 7680K, 0% used [0x00000000e3700000,0x00000000e3700000,0x00000000e3e80000)
  to   space 7680K, 0% used [0x00000000e2f80000,0x00000000e2f80000,0x00000000e3700000)
 ParOldGen       total 78336K, used 9728K [0x00000000a0000000, 0x00000000a4c80000, 0x00000000e0000000)
  object space 78336K, 12% used [0x00000000a0000000,0x00000000a0980038,0x00000000a4c80000)
 Metaspace       used 20705K, capacity 21116K, committed 21248K, reserved 1067008K
  class space    used 2916K, capacity 3066K, committed 3072K, reserved 1048576K
}
Event: 9.029 GC heap before
{Heap before GC invocations=6 (full 1):
 PSYoungGen      total 56320K, used 48640K [0x00000000e0000000, 0x00000000e3e80000, 0x0000000100000000)
  eden space 48640K, 100% used [0x00000000e0000000,0x00000000e2f80000,0x00000000e2f80000)
  from space 7680K, 0% used [0x00000000e3700000,0x00000000e3700000,0x00000000e3e80000)
  to   space 7680K, 0% used [0x00000000e2f80000,0x00000000e2f80000,0x00000000e3700000)
 ParOldGen       total 78336K, used 9728K [0x00000000a0000000, 0x00000000a4c80000, 0x00000000e0000000)
  object space 78336K, 12% used [0x00000000a0000000,0x00000000a0980038,0x00000000a4c80000)
 Metaspace       used 27118K, capacity 27642K, committed 28032K, reserved 1073152K
  class space    used 3695K, capacity 3846K, committed 3968K, reserved 1048576K
Event: 9.043 GC heap after
Heap after GC invocations=6 (full 1):
 PSYoungGen      total 56320K, used 6357K [0x00000000e0000000, 0x00000000e6800000, 0x0000000100000000)
  eden space 48640K, 0% used [0x00000000e0000000,0x00000000e0000000,0x00000000e2f80000)
  from space 7680K, 82% used [0x00000000e2f80000,0x00000000e35b5430,0x00000000e3700000)
  to   space 12288K, 0% used [0x00000000e5c00000,0x00000000e5c00000,0x00000000e6800000)
 ParOldGen       total 78336K, used 9736K [0x00000000a0000000, 0x00000000a4c80000, 0x00000000e0000000)
  object space 78336K, 12% used [0x00000000a0000000,0x00000000a0982038,0x00000000a4c80000)
 Metaspace       used 27118K, capacity 27642K, committed 28032K, reserved 1073152K
  class space    used 3695K, capacity 3846K, committed 3968K, reserved 1048576K
}
Event: 9.788 GC heap before
{Heap before GC invocations=7 (full 1):
 PSYoungGen      total 56320K, used 54997K [0x00000000e0000000, 0x00000000e6800000, 0x0000000100000000)
  eden space 48640K, 100% used [0x00000000e0000000,0x00000000e2f80000,0x00000000e2f80000)
  from space 7680K, 82% used [0x00000000e2f80000,0x00000000e35b5430,0x00000000e3700000)
  to   space 12288K, 0% used [0x00000000e5c00000,0x00000000e5c00000,0x00000000e6800000)
 ParOldGen       total 78336K, used 9736K [0x00000000a0000000, 0x00000000a4c80000, 0x00000000e0000000)
  object space 78336K, 12% used [0x00000000a0000000,0x00000000a0982038,0x00000000a4c80000)
 Metaspace       used 30225K, capacity 30772K, committed 31232K, reserved 1077248K
  class space    used 4091K, capacity 4247K, committed 4352K, reserved 1048576K
Event: 9.798 GC heap after
Heap after GC invocations=7 (full 1):
 PSYoungGen      total 94720K, used 6888K [0x00000000e0000000, 0x00000000e6800000, 0x0000000100000000)
  eden space 82432K, 0% used [0x00000000e0000000,0x00000000e0000000,0x00000000e5080000)
  from space 12288K, 56% used [0x00000000e5c00000,0x00000000e62ba0f0,0x00000000e6800000)
  to   space 11776K, 0% used [0x00000000e5080000,0x00000000e5080000,0x00000000e5c00000)
 ParOldGen       total 78336K, used 9744K [0x00000000a0000000, 0x00000000a4c80000, 0x00000000e0000000)
  object space 78336K, 12% used [0x00000000a0000000,0x00000000a0984038,0x00000000a4c80000)
 Metaspace       used 30225K, capacity 30772K, committed 31232K, reserved 1077248K
  class space    used 4091K, capacity 4247K, committed 4352K, reserved 1048576K
}

Deoptimization events (10 events):
Event: 9.481 Thread 0x0000000019d92800 Uncommon trap: reason=class_check action=maybe_recompile pc=0x00000000033c5518 method=java.util.regex.Pattern$BmpCharProperty.match(Ljava/util/regex/Matcher;ILjava/lang/CharSequence;)Z @ 11
Event: 9.481 Thread 0x0000000019d92800 Uncommon trap: reason=class_check action=maybe_recompile pc=0x00000000033c5518 method=java.util.regex.Pattern$BmpCharProperty.match(Ljava/util/regex/Matcher;ILjava/lang/CharSequence;)Z @ 11
Event: 9.481 Thread 0x0000000019d92800 Uncommon trap: reason=class_check action=maybe_recompile pc=0x00000000033c5518 method=java.util.regex.Pattern$BmpCharProperty.match(Ljava/util/regex/Matcher;ILjava/lang/CharSequence;)Z @ 11
Event: 9.513 Thread 0x0000000019d92800 Uncommon trap: reason=unstable_if action=reinterpret pc=0x00000000036db5e4 method=org.codehaus.plexus.util.xml.pull.MXParser.more()C @ 8
Event: 9.516 Thread 0x0000000019d92800 Uncommon trap: reason=unstable_if action=reinterpret pc=0x000000000309504c method=java.io.WinNTFileSystem.resolve(Ljava/lang/String;Ljava/lang/String;)Ljava/lang/String; @ 49
Event: 10.954 Thread 0x0000000019d92800 Uncommon trap: reason=unstable_if action=reinterpret pc=0x0000000003747588 method=java.util.concurrent.ConcurrentHashMap.get(Ljava/lang/Object;)Ljava/lang/Object; @ 76
Event: 10.955 Thread 0x0000000019d92800 Uncommon trap: reason=class_check action=maybe_recompile pc=0x0000000003329060 method=java.util.concurrent.ConcurrentHashMap.putVal(Ljava/lang/Object;Ljava/lang/Object;Z)Ljava/lang/Object; @ 192
Event: 11.007 Thread 0x0000000021af0800 Uncommon trap: reason=unstable_if action=reinterpret pc=0x00000000033290d4 method=java.util.concurrent.ConcurrentHashMap.addCount(JI)V @ 168
Event: 11.007 Thread 0x0000000021af0800 Uncommon trap: reason=unstable_if action=reinterpret pc=0x00000000032c2254 method=java.util.concurrent.ConcurrentHashMap.addCount(JI)V @ 168
Event: 11.319 Thread 0x0000000019d92800 Uncommon trap: reason=unstable_if action=reinterpret pc=0x00000000036ff2ac method=org.codehaus.groovy.runtime.metaclass.MetaMethodIndex.addMethodToList(Ljava/lang/Object;Lgroovy/lang/MetaMethod;)Ljava/lang/Object; @ 226

Classes redefined (0 events):
No events

Internal exceptions (10 events):
Event: 11.353 Thread 0x0000000019d92800 Exception <a 'java/security/PrivilegedActionException'> (0x00000000e4645cf8) thrown at [D:\src\AOSP-openjdk-cygwin\jdk8u\hotspot\src\share\vm\prims\jvm.cpp, line 1508]
Event: 11.353 Thread 0x0000000019d92800 Exception <a 'java/security/PrivilegedActionException'> (0x00000000e4646890) thrown at [D:\src\AOSP-openjdk-cygwin\jdk8u\hotspot\src\share\vm\prims\jvm.cpp, line 1508]
Event: 11.354 Thread 0x0000000019d92800 Exception <a 'java/security/PrivilegedActionException'> (0x00000000e4649608) thrown at [D:\src\AOSP-openjdk-cygwin\jdk8u\hotspot\src\share\vm\prims\jvm.cpp, line 1508]
Event: 11.354 Thread 0x0000000019d92800 Exception <a 'java/security/PrivilegedActionException'> (0x00000000e464a1a0) thrown at [D:\src\AOSP-openjdk-cygwin\jdk8u\hotspot\src\share\vm\prims\jvm.cpp, line 1508]
Event: 11.354 Thread 0x0000000019d92800 Exception <a 'java/security/PrivilegedActionException'> (0x00000000e464cf90) thrown at [D:\src\AOSP-openjdk-cygwin\jdk8u\hotspot\src\share\vm\prims\jvm.cpp, line 1508]
Event: 11.354 Thread 0x0000000019d92800 Exception <a 'java/security/PrivilegedActionException'> (0x00000000e464db28) thrown at [D:\src\AOSP-openjdk-cygwin\jdk8u\hotspot\src\share\vm\prims\jvm.cpp, line 1508]
Event: 11.354 Thread 0x0000000019d92800 Exception <a 'java/security/PrivilegedActionException'> (0x00000000e4650a40) thrown at [D:\src\AOSP-openjdk-cygwin\jdk8u\hotspot\src\share\vm\prims\jvm.cpp, line 1508]
Event: 11.354 Thread 0x0000000019d92800 Exception <a 'java/security/PrivilegedActionException'> (0x00000000e46515d8) thrown at [D:\src\AOSP-openjdk-cygwin\jdk8u\hotspot\src\share\vm\prims\jvm.cpp, line 1508]
Event: 11.355 Thread 0x0000000019d92800 Exception <a 'java/security/PrivilegedActionException'> (0x00000000e4654228) thrown at [D:\src\AOSP-openjdk-cygwin\jdk8u\hotspot\src\share\vm\prims\jvm.cpp, line 1508]
Event: 11.355 Thread 0x0000000019d92800 Exception <a 'java/security/PrivilegedActionException'> (0x00000000e4654dc0) thrown at [D:\src\AOSP-openjdk-cygwin\jdk8u\hotspot\src\share\vm\prims\jvm.cpp, line 1508]

Events (10 events):
Event: 11.319 Thread 0x0000000019d92800 DEOPT PACKING pc=0x00000000036ff2ac sp=0x000000001d0cb2b0
Event: 11.319 Thread 0x0000000019d92800 DEOPT UNPACKING pc=0x0000000002e4557b sp=0x000000001d0cb308 mode 2
Event: 11.320 loading class org/gradle/api/internal/project/DefaultProject_DecoratedBeanInfo
Event: 11.320 loading class org/gradle/api/internal/project/DefaultProject_DecoratedBeanInfo done
Event: 11.321 loading class org/gradle/api/internal/project/DefaultProject_DecoratedBeanInfo
Event: 11.321 loading class org/gradle/api/internal/project/DefaultProject_DecoratedBeanInfo done
Event: 11.321 loading class org/gradle/api/internal/project/DefaultProject_DecoratedBeanInfo
Event: 11.321 loading class org/gradle/api/internal/project/DefaultProject_DecoratedBeanInfo done
Event: 11.365 Thread 0x0000000019d92800 DEOPT PACKING pc=0x0000000003110495 sp=0x000000001d0c8b80
Event: 11.365 Thread 0x0000000019d92800 DEOPT UNPACKING pc=0x0000000002e475d0 sp=0x000000001d0c88b8 mode 0


Dynamic libraries:
0x00007ff7a3ea0000 - 0x00007ff7a3ed1000 	E:\Android Studio\jre\bin\java.exe
0x00007ff93f620000 - 0x00007ff93f810000 	C:\WINDOWS\SYSTEM32\ntdll.dll
0x00007ff93e270000 - 0x00007ff93e322000 	C:\WINDOWS\System32\KERNEL32.DLL
0x00007ff93cfc0000 - 0x00007ff93d265000 	C:\WINDOWS\System32\KERNELBASE.dll
0x00007ff93e770000 - 0x00007ff93e813000 	C:\WINDOWS\System32\ADVAPI32.dll
0x00007ff93e520000 - 0x00007ff93e5be000 	C:\WINDOWS\System32\msvcrt.dll
0x00007ff93d780000 - 0x00007ff93d817000 	C:\WINDOWS\System32\sechost.dll
0x00007ff93eda0000 - 0x00007ff93eebf000 	C:\WINDOWS\System32\RPCRT4.dll
0x00007ff93dd40000 - 0x00007ff93ded4000 	C:\WINDOWS\System32\USER32.dll
0x00007ff93d5e0000 - 0x00007ff93d601000 	C:\WINDOWS\System32\win32u.dll
0x00007ff93e400000 - 0x00007ff93e426000 	C:\WINDOWS\System32\GDI32.dll
0x00007ff93d270000 - 0x00007ff93d408000 	C:\WINDOWS\System32\gdi32full.dll
0x00007ff93cf20000 - 0x00007ff93cfbe000 	C:\WINDOWS\System32\msvcp_win.dll
0x00007ff93c650000 - 0x00007ff93c74a000 	C:\WINDOWS\System32\ucrtbase.dll
0x00007ff92dbd0000 - 0x00007ff92de54000 	C:\WINDOWS\WinSxS\amd64_microsoft.windows.common-controls_6595b64144ccf1df_6.0.18362.1379_none_9e7ff3b3e45cc0c4\COMCTL32.dll
0x00007ff93ea60000 - 0x00007ff93ed97000 	C:\WINDOWS\System32\combase.dll
0x00007ff93d610000 - 0x00007ff93d691000 	C:\WINDOWS\System32\bcryptPrimitives.dll
0x00007ff93e240000 - 0x00007ff93e26e000 	C:\WINDOWS\System32\IMM32.DLL
0x000000005d420000 - 0x000000005d4f2000 	E:\Android Studio\jre\jre\bin\msvcr100.dll
0x000000005d5e0000 - 0x000000005de26000 	E:\Android Studio\jre\jre\bin\server\jvm.dll
0x00007ff93f5d0000 - 0x00007ff93f5d8000 	C:\WINDOWS\System32\PSAPI.DLL
0x00007ff939130000 - 0x00007ff939139000 	C:\WINDOWS\SYSTEM32\WSOCK32.dll
0x00007ff93e440000 - 0x00007ff93e4af000 	C:\WINDOWS\System32\WS2_32.dll
0x00007ff9390f0000 - 0x00007ff939114000 	C:\WINDOWS\SYSTEM32\WINMM.dll
0x00007ff9390c0000 - 0x00007ff9390ed000 	C:\WINDOWS\SYSTEM32\winmmbase.dll
0x00007ff93c750000 - 0x00007ff93c79a000 	C:\WINDOWS\System32\cfgmgr32.dll
0x00007ff93c0a0000 - 0x00007ff93c0aa000 	C:\WINDOWS\SYSTEM32\VERSION.dll
0x00007ff939120000 - 0x00007ff93912f000 	E:\Android Studio\jre\jre\bin\verify.dll
0x00007ff929b90000 - 0x00007ff929bb9000 	E:\Android Studio\jre\jre\bin\java.dll
0x00007ff938f40000 - 0x00007ff938f56000 	E:\Android Studio\jre\jre\bin\zip.dll
0x00007ff93eee0000 - 0x00007ff93f5c8000 	C:\WINDOWS\System32\SHELL32.dll
0x00007ff93d6d0000 - 0x00007ff93d777000 	C:\WINDOWS\System32\shcore.dll
0x00007ff93c7a0000 - 0x00007ff93cf1b000 	C:\WINDOWS\System32\windows.storage.dll
0x00007ff93c570000 - 0x00007ff93c593000 	C:\WINDOWS\System32\profapi.dll
0x00007ff93c500000 - 0x00007ff93c54a000 	C:\WINDOWS\System32\powrprof.dll
0x00007ff93c4d0000 - 0x00007ff93c4e0000 	C:\WINDOWS\System32\UMPDC.dll
0x00007ff93e170000 - 0x00007ff93e1c2000 	C:\WINDOWS\System32\shlwapi.dll
0x00007ff93c4e0000 - 0x00007ff93c4f1000 	C:\WINDOWS\System32\kernel.appcore.dll
0x00007ff93d470000 - 0x00007ff93d487000 	C:\WINDOWS\System32\cryptsp.dll
0x00007ff937980000 - 0x00007ff93799a000 	E:\Android Studio\jre\jre\bin\net.dll
0x000000001af90000 - 0x000000001c3d6000 	C:\WINDOWS\system32\networkdlllspx64.dll
0x00007ff93e330000 - 0x00007ff93e3f5000 	C:\WINDOWS\System32\oleaut32.dll
0x00007ff93b4d0000 - 0x00007ff93b501000 	C:\WINDOWS\SYSTEM32\ntmarta.dll
0x00007ff93bca0000 - 0x00007ff93bd07000 	C:\WINDOWS\system32\mswsock.dll
0x00007ff932500000 - 0x00007ff93250a000 	C:\WINDOWS\system32\wshqos.dll
0x00007ff9324f0000 - 0x00007ff9324f8000 	C:\WINDOWS\SYSTEM32\wshtcpip.DLL
0x00007ff92ee60000 - 0x00007ff92ee68000 	C:\WINDOWS\SYSTEM32\wship6.dll
0x00007ff935a80000 - 0x00007ff935a91000 	E:\Android Studio\jre\jre\bin\nio.dll
0x00007ff937870000 - 0x00007ff937896000 	C:\Users\sixshot\.gradle\native\29\windows-amd64\native-platform.dll
0x00007ff9358e0000 - 0x00007ff9358ed000 	E:\Android Studio\jre\jre\bin\management.dll
0x00007ff93b820000 - 0x00007ff93b853000 	C:\WINDOWS\system32\rsaenh.dll
0x00007ff93d6a0000 - 0x00007ff93d6c6000 	C:\WINDOWS\System32\bcrypt.dll
0x00007ff93c3b0000 - 0x00007ff93c3d5000 	C:\WINDOWS\SYSTEM32\USERENV.dll
0x00007ff93be70000 - 0x00007ff93be7c000 	C:\WINDOWS\SYSTEM32\CRYPTBASE.dll
0x00007ff93b9b0000 - 0x00007ff93b9ea000 	C:\WINDOWS\SYSTEM32\IPHLPAPI.DLL
0x00007ff93e510000 - 0x00007ff93e518000 	C:\WINDOWS\System32\NSI.dll
0x00007ff932a70000 - 0x00007ff932a86000 	C:\WINDOWS\SYSTEM32\dhcpcsvc6.DLL
0x00007ff932a50000 - 0x00007ff932a6c000 	C:\WINDOWS\SYSTEM32\dhcpcsvc.DLL
0x00007ff93b9f0000 - 0x00007ff93babb000 	C:\WINDOWS\SYSTEM32\DNSAPI.dll
0x00007ff92a7a0000 - 0x00007ff92a994000 	C:\WINDOWS\SYSTEM32\dbghelp.dll

VM Arguments:
jvm_args: -Xmx1536m -Dfile.encoding=GBK -Duser.country=CN -Duser.language=zh -Duser.variant 
java_command: org.gradle.launcher.daemon.bootstrap.GradleDaemon 5.4.1
java_class_path (initial): C:\Users\sixshot\.gradle\wrapper\dists\gradle-5.4.1-all\3221gyojl5jsh0helicew7rwx\gradle-5.4.1\lib\gradle-launcher-5.4.1.jar
Launcher Type: SUN_STANDARD

Environment Variables:
JAVA_HOME=F:\jdk-11.0.4
CLASSPATH=.;%
PATH=F:\Xftp\;F:\Xshell\;C:\WINDOWS\system32;C:\WINDOWS;C:\WINDOWS\System32\Wbem;C:\WINDOWS\System32\WindowsPowerShell\v1.0\;C:\WINDOWS\System32\OpenSSH\;C:\xampp\mysql\bin;F:\jdk-11.0.4\bin;F:\jdk-11.0.4\jre\bin;F:\Matlab\runtime\win64;F:\Matlab\bin;F:\maven\apache-maven-3.6.3\bin;F:\redis;F:\sdk\platform-tools;G:\Git;F:\安卓\Sdk;F:\nacos\bin;F:\Nodejs\;F:\Nodejs\node_global\;F:\RabbitMQ\rabbitmq_server-3.8.3\sbin;F:\python\Scripts\;F:\python\;C:\Users\sixshot\AppData\Local\Microsoft\WindowsApps;;F:\IDAE\IntelliJ IDEA 2019.3.3\bin;;C:\Users\sixshot\AppData\Roaming\npm
USERNAME=sixshot
OS=Windows_NT
PROCESSOR_IDENTIFIER=Intel64 Family 6 Model 142 Stepping 10, GenuineIntel



---------------  S Y S T E M  ---------------

OS: Windows 10.0 , 64 bit Build 18362 (10.0.18362.1350)

CPU:total 8 (initial active 8) (4 cores per cpu, 2 threads per core) family 6 model 142 stepping 10, cmov, cx8, fxsr, mmx, sse, sse2, sse3, ssse3, sse4.1, sse4.2, popcnt, avx, avx2, aes, clmul, erms, 3dnowpref, lzcnt, ht, tsc, tscinvbit, bmi1, bmi2, adx

Memory: 4k page, physical 12216088k(6679492k free), swap 24799000k(15458588k free)

vm_info: OpenJDK 64-Bit Server VM (25.202-b03) for windows-amd64 JRE (1.8.0_202-release-1483-b03), built by "builder" with MS VC++ 10.0 (VS2010)

time: Mon May 03 21:21:58 2021
timezone: 中国标准时间
elapsed time: 11 seconds (0d 0h 0m 11s)

